<?xml version="1.0" encoding="UTF-8"?>
<!-- Generated by org.testng.reporters.JUnitXMLReporter -->
<testsuite ignored="0" hostname="LTIN425027" failures="0" tests="11" name="Default test" time="26.13" errors="0" timestamp="2023-06-16T09:31:46 IST">
  <testcase classname="Test.TestCases" name="searchBookShelves" time="4.859"/>
  <testcase classname="Test.TestCases" name="category" time="2.239"/>
  <testcase classname="Test.TestCases" name="price" time="3.117"/>
  <testcase classname="Test.TestCases" name="excludeOutOfStock" time="2.109"/>
  <testcase classname="Test.TestCases" name="display_1st_Three_Results" time="2.136"/>
  <testcase classname="Test.TestCases" name="sofasAndReclinders_Menu" time="1.089"/>
  <testcase classname="Test.TestCases" name="extractSub_Menus" time="0.07"/>
  <testcase classname="Test.TestCases" name="printSub_Menus" time="0.286"/>
  <testcase classname="Test.TestCases" name="customizeGiftCards" time="6.545"/>
  <testcase classname="Test.TestCases" name="fillDetails" time="1.226"/>
  <testcase classname="Test.TestCases" name="captureErrorMessage" time="2.405"/>
</testsuite> <!-- Default test -->
