<?xml version="1.0" encoding="UTF-8"?>
<!-- Generated by org.testng.reporters.JUnitXMLReporter -->
<testsuite ignored="0" hostname="LTIN425027" failures="0" tests="11" name="Test" time="28.06" errors="0" timestamp="2023-06-16T06:44:00 IST">
  <testcase classname="Test.TestCases" name="searchBookShelves" time="5.176"/>
  <testcase classname="Test.TestCases" name="category" time="2.308"/>
  <testcase classname="Test.TestCases" name="price" time="3.152"/>
  <testcase classname="Test.TestCases" name="excludeOutOfStock" time="2.122"/>
  <testcase classname="Test.TestCases" name="display_1st_Three_Results" time="2.218"/>
  <testcase classname="Test.TestCases" name="sofasAndReclinders_Menu" time="1.114"/>
  <testcase classname="Test.TestCases" name="extractSub_Menus" time="0.071"/>
  <testcase classname="Test.TestCases" name="printSub_Menus" time="0.34"/>
  <testcase classname="Test.TestCases" name="customizeGiftCards" time="7.501"/>
  <testcase classname="Test.TestCases" name="fillDetails" time="1.523"/>
  <testcase classname="Test.TestCases" name="captureErrorMessage" time="2.481"/>
</testsuite> <!-- Test -->
